Not searching for unused variables given on the command line.
[36m--[0m Using CATKIN_DEVEL_PREFIX: /src/kthfsdv/devel/.private/receiver
[36m--[0m Using CMAKE_PREFIX_PATH: /src/kthfsdv/devel;/opt/ros/melodic
[36m--[0m This workspace overlays: /src/kthfsdv/devel;/opt/ros/melodic
[36m--[0m Found PythonInterp: /usr/bin/python2 (found suitable version "2.7.17", minimum required is "2")
[36m--[0m Using PYTHON_EXECUTABLE: /usr/bin/python2
[36m--[0m Using Debian Python package layout
[36m--[0m Using empy: /usr/bin/empy
[36m--[0m Using CATKIN_ENABLE_TESTING: ON
[36m--[0m Call enable_testing()
[36m--[0m Using CATKIN_TEST_RESULTS_DIR: /src/kthfsdv/build/receiver/test_results
[36m--[0m Found gtest sources under '/usr/src/googletest': gtests will be built
[36m--[0m Found gmock sources under '/usr/src/googletest': gmock will be built
[36m--[0m Found PythonInterp: /usr/bin/python2 (found version "2.7.17")
[36m--[0m Using Python nosetests: /usr/bin/nosetests-2.7
[36m--[0m catkin 0.7.29
[36m--[0m BUILD_SHARED_LIBS is on
[31m[1mCMake Error[0m at /opt/ros/melodic/share/catkin/cmake/catkin_install_python.cmake:68 (message):
  catkin_install_python() called with non-existing file
  '/src/kthfsdv/src/exc1/receiver/src/listener.py'.
[36mCall Stack (most recent call first):[0m
  CMakeLists.txt:206 (catkin_install_python)


[36m--[0m Configuring incomplete, errors occurred!
See also "/src/kthfsdv/build/receiver/CMakeFiles/CMakeOutput.log".
See also "/src/kthfsdv/build/receiver/CMakeFiles/CMakeError.log".
