Determining if the pthread_create exist failed with the following output:
Change Dir: /src/kthfsdv/build/catkin_tools_prebuild/CMakeFiles/CMakeTmp

Run Build Command:"/usr/bin/make" "cmTC_18912/fast"
/usr/bin/make -f CMakeFiles/cmTC_18912.dir/build.make CMakeFiles/cmTC_18912.dir/build
make[1]: Entering directory '/src/kthfsdv/build/catkin_tools_prebuild/CMakeFiles/CMakeTmp'
Building C object CMakeFiles/cmTC_18912.dir/CheckSymbolExists.c.o
/usr/bin/cc    -o CMakeFiles/cmTC_18912.dir/CheckSymbolExists.c.o   -c /src/kthfsdv/build/catkin_tools_prebuild/CMakeFiles/CMakeTmp/CheckSymbolExists.c
Linking C executable cmTC_18912
/usr/bin/cmake -E cmake_link_script CMakeFiles/cmTC_18912.dir/link.txt --verbose=1
/usr/bin/cc      -rdynamic CMakeFiles/cmTC_18912.dir/CheckSymbolExists.c.o  -o cmTC_18912 
CMakeFiles/cmTC_18912.dir/CheckSymbolExists.c.o: In function `main':
CheckSymbolExists.c:(.text+0x1b): undefined reference to `pthread_create'
collect2: error: ld returned 1 exit status
CMakeFiles/cmTC_18912.dir/build.make:97: recipe for target 'cmTC_18912' failed
make[1]: *** [cmTC_18912] Error 1
make[1]: Leaving directory '/src/kthfsdv/build/catkin_tools_prebuild/CMakeFiles/CMakeTmp'
Makefile:126: recipe for target 'cmTC_18912/fast' failed
make: *** [cmTC_18912/fast] Error 2

File /src/kthfsdv/build/catkin_tools_prebuild/CMakeFiles/CMakeTmp/CheckSymbolExists.c:
/* */
#include <pthread.h>

int main(int argc, char** argv)
{
  (void)argv;
#ifndef pthread_create
  return ((int*)(&pthread_create))[argc];
#else
  (void)argc;
  return 0;
#endif
}

Determining if the function pthread_create exists in the pthreads failed with the following output:
Change Dir: /src/kthfsdv/build/catkin_tools_prebuild/CMakeFiles/CMakeTmp

Run Build Command:"/usr/bin/make" "cmTC_57938/fast"
/usr/bin/make -f CMakeFiles/cmTC_57938.dir/build.make CMakeFiles/cmTC_57938.dir/build
make[1]: Entering directory '/src/kthfsdv/build/catkin_tools_prebuild/CMakeFiles/CMakeTmp'
Building C object CMakeFiles/cmTC_57938.dir/CheckFunctionExists.c.o
/usr/bin/cc   -DCHECK_FUNCTION_EXISTS=pthread_create   -o CMakeFiles/cmTC_57938.dir/CheckFunctionExists.c.o   -c /usr/share/cmake-3.10/Modules/CheckFunctionExists.c
Linking C executable cmTC_57938
/usr/bin/cmake -E cmake_link_script CMakeFiles/cmTC_57938.dir/link.txt --verbose=1
/usr/bin/cc  -DCHECK_FUNCTION_EXISTS=pthread_create    -rdynamic CMakeFiles/cmTC_57938.dir/CheckFunctionExists.c.o  -o cmTC_57938 -lpthreads 
/usr/bin/ld: cannot find -lpthreads
collect2: error: ld returned 1 exit status
CMakeFiles/cmTC_57938.dir/build.make:97: recipe for target 'cmTC_57938' failed
make[1]: *** [cmTC_57938] Error 1
make[1]: Leaving directory '/src/kthfsdv/build/catkin_tools_prebuild/CMakeFiles/CMakeTmp'
Makefile:126: recipe for target 'cmTC_57938/fast' failed
make: *** [cmTC_57938/fast] Error 2


